2025-02-07 18:36:45,173 - backend.utils - ERROR - CSVパースエラー: 不正なLoginType: 既存ローカルユーザー
2025-02-07 18:43:48,898 - backend.utils - ERROR - CSVパースエラー: 不正なログイン種別です: 既存ローカルユーザー
有効な値: AD, 既存ローカル, 新規ローカル
2025-02-07 21:12:04,560 - multipart.multipart - DEBUG - Calling on_part_begin with no data
2025-02-07 21:12:04,585 - multipart.multipart - DEBUG - Calling on_header_field with data[42:61]
2025-02-07 21:12:04,587 - multipart.multipart - DEBUG - Calling on_header_value with data[63:138]
2025-02-07 21:12:04,587 - multipart.multipart - DEBUG - Calling on_header_end with no data
2025-02-07 21:12:04,589 - multipart.multipart - DEBUG - Calling on_header_field with data[140:152]
2025-02-07 21:12:04,591 - multipart.multipart - DEBUG - Calling on_header_value with data[154:162]
2025-02-07 21:12:04,592 - multipart.multipart - DEBUG - Calling on_header_end with no data
2025-02-07 21:12:04,593 - multipart.multipart - DEBUG - Calling on_headers_finished with no data
2025-02-07 21:12:04,594 - multipart.multipart - DEBUG - Calling on_part_data with data[166:1122]
2025-02-07 21:12:04,595 - multipart.multipart - DEBUG - Calling on_part_data with data[0:2]
2025-02-07 21:12:04,595 - multipart.multipart - DEBUG - Calling on_part_end with no data
2025-02-07 21:12:04,596 - multipart.multipart - DEBUG - Calling on_end with no data
2025-02-07 21:20:15,666 - multipart.multipart - DEBUG - Calling on_part_begin with no data
2025-02-07 21:20:15,667 - multipart.multipart - DEBUG - Calling on_header_field with data[42:61]
2025-02-07 21:20:15,667 - multipart.multipart - DEBUG - Calling on_header_value with data[63:138]
2025-02-07 21:20:15,668 - multipart.multipart - DEBUG - Calling on_header_end with no data
2025-02-07 21:20:15,669 - multipart.multipart - DEBUG - Calling on_header_field with data[140:152]
2025-02-07 21:20:15,670 - multipart.multipart - DEBUG - Calling on_header_value with data[154:162]
2025-02-07 21:20:15,670 - multipart.multipart - DEBUG - Calling on_header_end with no data
2025-02-07 21:20:15,671 - multipart.multipart - DEBUG - Calling on_headers_finished with no data
2025-02-07 21:20:15,672 - multipart.multipart - DEBUG - Calling on_part_data with data[166:1122]
2025-02-07 21:20:15,672 - multipart.multipart - DEBUG - Calling on_part_data with data[0:2]
2025-02-07 21:20:15,673 - multipart.multipart - DEBUG - Calling on_part_end with no data
2025-02-07 21:20:15,674 - multipart.multipart - DEBUG - Calling on_end with no data
2025-02-07 21:20:34,064 - multipart.multipart - DEBUG - Calling on_part_begin with no data
2025-02-07 21:20:34,065 - multipart.multipart - DEBUG - Calling on_header_field with data[42:61]
2025-02-07 21:20:34,066 - multipart.multipart - DEBUG - Calling on_header_value with data[63:138]
2025-02-07 21:20:34,067 - multipart.multipart - DEBUG - Calling on_header_end with no data
2025-02-07 21:20:34,067 - multipart.multipart - DEBUG - Calling on_header_field with data[140:152]
2025-02-07 21:20:34,068 - multipart.multipart - DEBUG - Calling on_header_value with data[154:162]
2025-02-07 21:20:34,068 - multipart.multipart - DEBUG - Calling on_header_end with no data
2025-02-07 21:20:34,069 - multipart.multipart - DEBUG - Calling on_headers_finished with no data
2025-02-07 21:20:34,069 - multipart.multipart - DEBUG - Calling on_part_data with data[166:1122]
2025-02-07 21:20:34,070 - multipart.multipart - DEBUG - Calling on_part_data with data[0:2]
2025-02-07 21:20:34,071 - multipart.multipart - DEBUG - Calling on_part_end with no data
2025-02-07 21:20:34,072 - multipart.multipart - DEBUG - Calling on_end with no data
2025-02-07 21:22:40,096 - multipart.multipart - DEBUG - Calling on_part_begin with no data
2025-02-07 21:22:40,096 - multipart.multipart - DEBUG - Calling on_header_field with data[42:61]
2025-02-07 21:22:40,097 - multipart.multipart - DEBUG - Calling on_header_value with data[63:138]
2025-02-07 21:22:40,098 - multipart.multipart - DEBUG - Calling on_header_end with no data
2025-02-07 21:22:40,100 - multipart.multipart - DEBUG - Calling on_header_field with data[140:152]
2025-02-07 21:22:40,100 - multipart.multipart - DEBUG - Calling on_header_value with data[154:162]
2025-02-07 21:22:40,101 - multipart.multipart - DEBUG - Calling on_header_end with no data
2025-02-07 21:22:40,102 - multipart.multipart - DEBUG - Calling on_headers_finished with no data
2025-02-07 21:22:40,103 - multipart.multipart - DEBUG - Calling on_part_data with data[166:1122]
2025-02-07 21:22:40,104 - multipart.multipart - DEBUG - Calling on_part_data with data[0:2]
2025-02-07 21:22:40,105 - multipart.multipart - DEBUG - Calling on_part_end with no data
2025-02-07 21:22:40,106 - multipart.multipart - DEBUG - Calling on_end with no data
2025-02-07 21:28:39,077 - multipart.multipart - DEBUG - Calling on_part_begin with no data
2025-02-07 21:28:39,078 - multipart.multipart - DEBUG - Calling on_header_field with data[42:61]
2025-02-07 21:28:39,079 - multipart.multipart - DEBUG - Calling on_header_value with data[63:138]
2025-02-07 21:28:39,080 - multipart.multipart - DEBUG - Calling on_header_end with no data
2025-02-07 21:28:39,080 - multipart.multipart - DEBUG - Calling on_header_field with data[140:152]
2025-02-07 21:28:39,081 - multipart.multipart - DEBUG - Calling on_header_value with data[154:162]
2025-02-07 21:28:39,082 - multipart.multipart - DEBUG - Calling on_header_end with no data
2025-02-07 21:28:39,082 - multipart.multipart - DEBUG - Calling on_headers_finished with no data
2025-02-07 21:28:39,083 - multipart.multipart - DEBUG - Calling on_part_data with data[166:1122]
2025-02-07 21:28:39,083 - multipart.multipart - DEBUG - Calling on_part_data with data[0:2]
2025-02-07 21:28:39,084 - multipart.multipart - DEBUG - Calling on_part_end with no data
2025-02-07 21:28:39,085 - multipart.multipart - DEBUG - Calling on_end with no data
2025-02-07 21:31:46,982 - multipart.multipart - DEBUG - Calling on_part_begin with no data
2025-02-07 21:31:46,983 - multipart.multipart - DEBUG - Calling on_header_field with data[42:61]
2025-02-07 21:31:46,984 - multipart.multipart - DEBUG - Calling on_header_value with data[63:138]
2025-02-07 21:31:46,985 - multipart.multipart - DEBUG - Calling on_header_end with no data
2025-02-07 21:31:46,986 - multipart.multipart - DEBUG - Calling on_header_field with data[140:152]
2025-02-07 21:31:46,986 - multipart.multipart - DEBUG - Calling on_header_value with data[154:162]
2025-02-07 21:31:46,987 - multipart.multipart - DEBUG - Calling on_header_end with no data
2025-02-07 21:31:46,988 - multipart.multipart - DEBUG - Calling on_headers_finished with no data
2025-02-07 21:31:46,989 - multipart.multipart - DEBUG - Calling on_part_data with data[166:1122]
2025-02-07 21:31:46,990 - multipart.multipart - DEBUG - Calling on_part_data with data[0:2]
2025-02-07 21:31:46,991 - multipart.multipart - DEBUG - Calling on_part_end with no data
2025-02-07 21:31:46,991 - multipart.multipart - DEBUG - Calling on_end with no data
2025-02-07 21:36:13,120 - multipart.multipart - DEBUG - Calling on_part_begin with no data
2025-02-07 21:36:13,120 - multipart.multipart - DEBUG - Calling on_header_field with data[42:61]
2025-02-07 21:36:13,121 - multipart.multipart - DEBUG - Calling on_header_value with data[63:138]
2025-02-07 21:36:13,122 - multipart.multipart - DEBUG - Calling on_header_end with no data
2025-02-07 21:36:13,123 - multipart.multipart - DEBUG - Calling on_header_field with data[140:152]
2025-02-07 21:36:13,123 - multipart.multipart - DEBUG - Calling on_header_value with data[154:162]
2025-02-07 21:36:13,124 - multipart.multipart - DEBUG - Calling on_header_end with no data
2025-02-07 21:36:13,125 - multipart.multipart - DEBUG - Calling on_headers_finished with no data
2025-02-07 21:36:13,126 - multipart.multipart - DEBUG - Calling on_part_data with data[166:1122]
2025-02-07 21:36:13,126 - multipart.multipart - DEBUG - Calling on_part_data with data[0:2]
2025-02-07 21:36:13,127 - multipart.multipart - DEBUG - Calling on_part_end with no data
2025-02-07 21:36:13,128 - multipart.multipart - DEBUG - Calling on_end with no data
2025-02-07 21:39:18,193 - multipart.multipart - DEBUG - Calling on_part_begin with no data
2025-02-07 21:39:18,195 - multipart.multipart - DEBUG - Calling on_header_field with data[42:61]
2025-02-07 21:39:18,196 - multipart.multipart - DEBUG - Calling on_header_value with data[63:138]
2025-02-07 21:39:18,196 - multipart.multipart - DEBUG - Calling on_header_end with no data
2025-02-07 21:39:18,197 - multipart.multipart - DEBUG - Calling on_header_field with data[140:152]
2025-02-07 21:39:18,198 - multipart.multipart - DEBUG - Calling on_header_value with data[154:162]
2025-02-07 21:39:18,198 - multipart.multipart - DEBUG - Calling on_header_end with no data
2025-02-07 21:39:18,200 - multipart.multipart - DEBUG - Calling on_headers_finished with no data
2025-02-07 21:39:18,200 - multipart.multipart - DEBUG - Calling on_part_data with data[166:1122]
2025-02-07 21:39:18,201 - multipart.multipart - DEBUG - Calling on_part_data with data[0:2]
2025-02-07 21:39:18,202 - multipart.multipart - DEBUG - Calling on_part_end with no data
2025-02-07 21:39:18,203 - multipart.multipart - DEBUG - Calling on_end with no data
2025-02-07 21:42:56,022 - multipart.multipart - DEBUG - Calling on_part_begin with no data
2025-02-07 21:42:56,023 - multipart.multipart - DEBUG - Calling on_header_field with data[42:61]
2025-02-07 21:42:56,024 - multipart.multipart - DEBUG - Calling on_header_value with data[63:138]
2025-02-07 21:42:56,026 - multipart.multipart - DEBUG - Calling on_header_end with no data
2025-02-07 21:42:56,026 - multipart.multipart - DEBUG - Calling on_header_field with data[140:152]
2025-02-07 21:42:56,027 - multipart.multipart - DEBUG - Calling on_header_value with data[154:162]
2025-02-07 21:42:56,028 - multipart.multipart - DEBUG - Calling on_header_end with no data
2025-02-07 21:42:56,028 - multipart.multipart - DEBUG - Calling on_headers_finished with no data
2025-02-07 21:42:56,030 - multipart.multipart - DEBUG - Calling on_part_data with data[166:1122]
2025-02-07 21:42:56,031 - multipart.multipart - DEBUG - Calling on_part_data with data[0:2]
2025-02-07 21:42:56,033 - multipart.multipart - DEBUG - Calling on_part_end with no data
2025-02-07 21:42:56,034 - multipart.multipart - DEBUG - Calling on_end with no data
2025-02-07 21:49:41,510 - multipart.multipart - DEBUG - Calling on_part_begin with no data
2025-02-07 21:49:41,511 - multipart.multipart - DEBUG - Calling on_header_field with data[42:61]
2025-02-07 21:49:41,513 - multipart.multipart - DEBUG - Calling on_header_value with data[63:138]
2025-02-07 21:49:41,514 - multipart.multipart - DEBUG - Calling on_header_end with no data
2025-02-07 21:49:41,514 - multipart.multipart - DEBUG - Calling on_header_field with data[140:152]
2025-02-07 21:49:41,515 - multipart.multipart - DEBUG - Calling on_header_value with data[154:162]
2025-02-07 21:49:41,516 - multipart.multipart - DEBUG - Calling on_header_end with no data
2025-02-07 21:49:41,517 - multipart.multipart - DEBUG - Calling on_headers_finished with no data
2025-02-07 21:49:41,517 - multipart.multipart - DEBUG - Calling on_part_data with data[166:1122]
2025-02-07 21:49:41,518 - multipart.multipart - DEBUG - Calling on_part_data with data[0:2]
2025-02-07 21:49:41,519 - multipart.multipart - DEBUG - Calling on_part_end with no data
2025-02-07 21:49:41,519 - multipart.multipart - DEBUG - Calling on_end with no data
2025-02-07 21:51:43,757 - multipart.multipart - DEBUG - Calling on_part_begin with no data
2025-02-07 21:51:43,758 - multipart.multipart - DEBUG - Calling on_header_field with data[42:61]
2025-02-07 21:51:43,759 - multipart.multipart - DEBUG - Calling on_header_value with data[63:139]
2025-02-07 21:51:43,759 - multipart.multipart - DEBUG - Calling on_header_end with no data
2025-02-07 21:51:43,759 - multipart.multipart - DEBUG - Calling on_header_field with data[141:153]
2025-02-07 21:51:43,761 - multipart.multipart - DEBUG - Calling on_header_value with data[155:163]
2025-02-07 21:51:43,761 - multipart.multipart - DEBUG - Calling on_header_end with no data
2025-02-07 21:51:43,762 - multipart.multipart - DEBUG - Calling on_headers_finished with no data
2025-02-07 21:51:43,763 - multipart.multipart - DEBUG - Calling on_part_data with data[167:1181]
2025-02-07 21:51:43,764 - multipart.multipart - DEBUG - Calling on_part_data with data[0:2]
2025-02-07 21:51:43,765 - multipart.multipart - DEBUG - Calling on_part_end with no data
2025-02-07 21:51:43,766 - multipart.multipart - DEBUG - Calling on_end with no data
2025-02-07 21:57:59,519 - multipart.multipart - DEBUG - Calling on_part_begin with no data
2025-02-07 21:57:59,519 - multipart.multipart - DEBUG - Calling on_header_field with data[42:61]
2025-02-07 21:57:59,521 - multipart.multipart - DEBUG - Calling on_header_value with data[63:139]
2025-02-07 21:57:59,522 - multipart.multipart - DEBUG - Calling on_header_end with no data
2025-02-07 21:57:59,522 - multipart.multipart - DEBUG - Calling on_header_field with data[141:153]
2025-02-07 21:57:59,523 - multipart.multipart - DEBUG - Calling on_header_value with data[155:163]
2025-02-07 21:57:59,523 - multipart.multipart - DEBUG - Calling on_header_end with no data
2025-02-07 21:57:59,524 - multipart.multipart - DEBUG - Calling on_headers_finished with no data
2025-02-07 21:57:59,525 - multipart.multipart - DEBUG - Calling on_part_data with data[167:1181]
2025-02-07 21:57:59,526 - multipart.multipart - DEBUG - Calling on_part_data with data[0:2]
2025-02-07 21:57:59,527 - multipart.multipart - DEBUG - Calling on_part_end with no data
2025-02-07 21:57:59,528 - multipart.multipart - DEBUG - Calling on_end with no data
2025-02-07 22:07:36,374 - multipart.multipart - DEBUG - Calling on_part_begin with no data
2025-02-07 22:07:36,374 - multipart.multipart - DEBUG - Calling on_header_field with data[42:61]
2025-02-07 22:07:36,375 - multipart.multipart - DEBUG - Calling on_header_value with data[63:139]
2025-02-07 22:07:36,376 - multipart.multipart - DEBUG - Calling on_header_end with no data
2025-02-07 22:07:36,376 - multipart.multipart - DEBUG - Calling on_header_field with data[141:153]
2025-02-07 22:07:36,377 - multipart.multipart - DEBUG - Calling on_header_value with data[155:163]
2025-02-07 22:07:36,378 - multipart.multipart - DEBUG - Calling on_header_end with no data
2025-02-07 22:07:36,379 - multipart.multipart - DEBUG - Calling on_headers_finished with no data
2025-02-07 22:07:36,380 - multipart.multipart - DEBUG - Calling on_part_data with data[167:1181]
2025-02-07 22:07:36,380 - multipart.multipart - DEBUG - Calling on_part_data with data[0:2]
2025-02-07 22:07:36,381 - multipart.multipart - DEBUG - Calling on_part_end with no data
2025-02-07 22:07:36,382 - multipart.multipart - DEBUG - Calling on_end with no data
2025-02-07 22:15:36,925 - multipart.multipart - DEBUG - Calling on_part_begin with no data
2025-02-07 22:15:36,925 - multipart.multipart - DEBUG - Calling on_header_field with data[42:61]
2025-02-07 22:15:36,926 - multipart.multipart - DEBUG - Calling on_header_value with data[63:139]
2025-02-07 22:15:36,927 - multipart.multipart - DEBUG - Calling on_header_end with no data
2025-02-07 22:15:36,927 - multipart.multipart - DEBUG - Calling on_header_field with data[141:153]
2025-02-07 22:15:36,928 - multipart.multipart - DEBUG - Calling on_header_value with data[155:163]
2025-02-07 22:15:36,929 - multipart.multipart - DEBUG - Calling on_header_end with no data
2025-02-07 22:15:36,929 - multipart.multipart - DEBUG - Calling on_headers_finished with no data
2025-02-07 22:15:36,930 - multipart.multipart - DEBUG - Calling on_part_data with data[167:1181]
2025-02-07 22:15:36,931 - multipart.multipart - DEBUG - Calling on_part_data with data[0:2]
2025-02-07 22:15:36,931 - multipart.multipart - DEBUG - Calling on_part_end with no data
2025-02-07 22:15:36,932 - multipart.multipart - DEBUG - Calling on_end with no data
2025-02-07 22:29:29,613 - multipart.multipart - DEBUG - Calling on_part_begin with no data
2025-02-07 22:29:29,614 - multipart.multipart - DEBUG - Calling on_header_field with data[42:61]
2025-02-07 22:29:29,615 - multipart.multipart - DEBUG - Calling on_header_value with data[63:139]
2025-02-07 22:29:29,615 - multipart.multipart - DEBUG - Calling on_header_end with no data
2025-02-07 22:29:29,616 - multipart.multipart - DEBUG - Calling on_header_field with data[141:153]
2025-02-07 22:29:29,617 - multipart.multipart - DEBUG - Calling on_header_value with data[155:163]
2025-02-07 22:29:29,618 - multipart.multipart - DEBUG - Calling on_header_end with no data
2025-02-07 22:29:29,619 - multipart.multipart - DEBUG - Calling on_headers_finished with no data
2025-02-07 22:29:29,620 - multipart.multipart - DEBUG - Calling on_part_data with data[167:1181]
2025-02-07 22:29:29,621 - multipart.multipart - DEBUG - Calling on_part_data with data[0:2]
2025-02-07 22:29:29,621 - multipart.multipart - DEBUG - Calling on_part_end with no data
2025-02-07 22:29:29,623 - multipart.multipart - DEBUG - Calling on_end with no data
2025-02-07 22:35:18,614 - multipart.multipart - DEBUG - Calling on_part_begin with no data
2025-02-07 22:35:18,616 - multipart.multipart - DEBUG - Calling on_header_field with data[42:61]
2025-02-07 22:35:18,616 - multipart.multipart - DEBUG - Calling on_header_value with data[63:139]
2025-02-07 22:35:18,618 - multipart.multipart - DEBUG - Calling on_header_end with no data
2025-02-07 22:35:18,618 - multipart.multipart - DEBUG - Calling on_header_field with data[141:153]
2025-02-07 22:35:18,619 - multipart.multipart - DEBUG - Calling on_header_value with data[155:163]
2025-02-07 22:35:18,620 - multipart.multipart - DEBUG - Calling on_header_end with no data
2025-02-07 22:35:18,621 - multipart.multipart - DEBUG - Calling on_headers_finished with no data
2025-02-07 22:35:18,621 - multipart.multipart - DEBUG - Calling on_part_data with data[167:1181]
2025-02-07 22:35:18,623 - multipart.multipart - DEBUG - Calling on_part_data with data[0:2]
2025-02-07 22:35:18,623 - multipart.multipart - DEBUG - Calling on_part_end with no data
2025-02-07 22:35:18,624 - multipart.multipart - DEBUG - Calling on_end with no data
2025-02-07 22:39:00,100 - multipart.multipart - DEBUG - Calling on_part_begin with no data
2025-02-07 22:39:00,102 - multipart.multipart - DEBUG - Calling on_header_field with data[42:61]
2025-02-07 22:39:00,103 - multipart.multipart - DEBUG - Calling on_header_value with data[63:139]
2025-02-07 22:39:00,103 - multipart.multipart - DEBUG - Calling on_header_end with no data
2025-02-07 22:39:00,104 - multipart.multipart - DEBUG - Calling on_header_field with data[141:153]
2025-02-07 22:39:00,105 - multipart.multipart - DEBUG - Calling on_header_value with data[155:163]
2025-02-07 22:39:00,106 - multipart.multipart - DEBUG - Calling on_header_end with no data
2025-02-07 22:39:00,107 - multipart.multipart - DEBUG - Calling on_headers_finished with no data
2025-02-07 22:39:00,109 - multipart.multipart - DEBUG - Calling on_part_data with data[167:1482]
2025-02-07 22:39:00,109 - multipart.multipart - DEBUG - Calling on_part_data with data[0:2]
2025-02-07 22:39:00,110 - multipart.multipart - DEBUG - Calling on_part_end with no data
2025-02-07 22:39:00,111 - multipart.multipart - DEBUG - Calling on_end with no data
2025-02-07 22:41:46,532 - multipart.multipart - DEBUG - Calling on_part_begin with no data
2025-02-07 22:41:46,532 - multipart.multipart - DEBUG - Calling on_header_field with data[42:61]
2025-02-07 22:41:46,533 - multipart.multipart - DEBUG - Calling on_header_value with data[63:139]
2025-02-07 22:41:46,533 - multipart.multipart - DEBUG - Calling on_header_end with no data
2025-02-07 22:41:46,536 - multipart.multipart - DEBUG - Calling on_header_field with data[141:153]
2025-02-07 22:41:46,536 - multipart.multipart - DEBUG - Calling on_header_value with data[155:163]
2025-02-07 22:41:46,537 - multipart.multipart - DEBUG - Calling on_header_end with no data
2025-02-07 22:41:46,537 - multipart.multipart - DEBUG - Calling on_headers_finished with no data
2025-02-07 22:41:46,537 - multipart.multipart - DEBUG - Calling on_part_data with data[167:1482]
2025-02-07 22:41:46,538 - multipart.multipart - DEBUG - Calling on_part_data with data[0:2]
2025-02-07 22:41:46,539 - multipart.multipart - DEBUG - Calling on_part_end with no data
2025-02-07 22:41:46,540 - multipart.multipart - DEBUG - Calling on_end with no data
