{"timestamp": "2025-02-07T21:12:04.560913", "level": "DEBUG", "logger": "multipart.multipart", "message": "Calling on_part_begin with no data"}
{"timestamp": "2025-02-07T21:12:04.585001", "level": "DEBUG", "logger": "multipart.multipart", "message": "Calling on_header_field with data[42:61]"}
{"timestamp": "2025-02-07T21:12:04.587000", "level": "DEBUG", "logger": "multipart.multipart", "message": "Calling on_header_value with data[63:138]"}
{"timestamp": "2025-02-07T21:12:04.587000", "level": "DEBUG", "logger": "multipart.multipart", "message": "Calling on_header_end with no data"}
{"timestamp": "2025-02-07T21:12:04.589041", "level": "DEBUG", "logger": "multipart.multipart", "message": "Calling on_header_field with data[140:152]"}
{"timestamp": "2025-02-07T21:12:04.591053", "level": "DEBUG", "logger": "multipart.multipart", "message": "Calling on_header_value with data[154:162]"}
{"timestamp": "2025-02-07T21:12:04.592050", "level": "DEBUG", "logger": "multipart.multipart", "message": "Calling on_header_end with no data"}
{"timestamp": "2025-02-07T21:12:04.593051", "level": "DEBUG", "logger": "multipart.multipart", "message": "Calling on_headers_finished with no data"}
{"timestamp": "2025-02-07T21:12:04.594049", "level": "DEBUG", "logger": "multipart.multipart", "message": "Calling on_part_data with data[166:1122]"}
{"timestamp": "2025-02-07T21:12:04.595050", "level": "DEBUG", "logger": "multipart.multipart", "message": "Calling on_part_data with data[0:2]"}
{"timestamp": "2025-02-07T21:12:04.595050", "level": "DEBUG", "logger": "multipart.multipart", "message": "Calling on_part_end with no data"}
{"timestamp": "2025-02-07T21:12:04.596049", "level": "DEBUG", "logger": "multipart.multipart", "message": "Calling on_end with no data"}
{"timestamp": "2025-02-07T21:20:15.666375", "level": "DEBUG", "logger": "multipart.multipart", "message": "Calling on_part_begin with no data"}
{"timestamp": "2025-02-07T21:20:15.667375", "level": "DEBUG", "logger": "multipart.multipart", "message": "Calling on_header_field with data[42:61]"}
{"timestamp": "2025-02-07T21:20:15.667375", "level": "DEBUG", "logger": "multipart.multipart", "message": "Calling on_header_value with data[63:138]"}
{"timestamp": "2025-02-07T21:20:15.668884", "level": "DEBUG", "logger": "multipart.multipart", "message": "Calling on_header_end with no data"}
{"timestamp": "2025-02-07T21:20:15.669414", "level": "DEBUG", "logger": "multipart.multipart", "message": "Calling on_header_field with data[140:152]"}
{"timestamp": "2025-02-07T21:20:15.670429", "level": "DEBUG", "logger": "multipart.multipart", "message": "Calling on_header_value with data[154:162]"}
{"timestamp": "2025-02-07T21:20:15.670771", "level": "DEBUG", "logger": "multipart.multipart", "message": "Calling on_header_end with no data"}
{"timestamp": "2025-02-07T21:20:15.671779", "level": "DEBUG", "logger": "multipart.multipart", "message": "Calling on_headers_finished with no data"}
{"timestamp": "2025-02-07T21:20:15.672781", "level": "DEBUG", "logger": "multipart.multipart", "message": "Calling on_part_data with data[166:1122]"}
{"timestamp": "2025-02-07T21:20:15.672781", "level": "DEBUG", "logger": "multipart.multipart", "message": "Calling on_part_data with data[0:2]"}
{"timestamp": "2025-02-07T21:20:15.673780", "level": "DEBUG", "logger": "multipart.multipart", "message": "Calling on_part_end with no data"}
{"timestamp": "2025-02-07T21:20:15.674779", "level": "DEBUG", "logger": "multipart.multipart", "message": "Calling on_end with no data"}
{"timestamp": "2025-02-07T21:20:34.064187", "level": "DEBUG", "logger": "multipart.multipart", "message": "Calling on_part_begin with no data"}
{"timestamp": "2025-02-07T21:20:34.065192", "level": "DEBUG", "logger": "multipart.multipart", "message": "Calling on_header_field with data[42:61]"}
{"timestamp": "2025-02-07T21:20:34.066197", "level": "DEBUG", "logger": "multipart.multipart", "message": "Calling on_header_value with data[63:138]"}
{"timestamp": "2025-02-07T21:20:34.067188", "level": "DEBUG", "logger": "multipart.multipart", "message": "Calling on_header_end with no data"}
{"timestamp": "2025-02-07T21:20:34.067188", "level": "DEBUG", "logger": "multipart.multipart", "message": "Calling on_header_field with data[140:152]"}
{"timestamp": "2025-02-07T21:20:34.068695", "level": "DEBUG", "logger": "multipart.multipart", "message": "Calling on_header_value with data[154:162]"}
{"timestamp": "2025-02-07T21:20:34.068695", "level": "DEBUG", "logger": "multipart.multipart", "message": "Calling on_header_end with no data"}
{"timestamp": "2025-02-07T21:20:34.069704", "level": "DEBUG", "logger": "multipart.multipart", "message": "Calling on_headers_finished with no data"}
{"timestamp": "2025-02-07T21:20:34.069704", "level": "DEBUG", "logger": "multipart.multipart", "message": "Calling on_part_data with data[166:1122]"}
{"timestamp": "2025-02-07T21:20:34.070925", "level": "DEBUG", "logger": "multipart.multipart", "message": "Calling on_part_data with data[0:2]"}
{"timestamp": "2025-02-07T21:20:34.071926", "level": "DEBUG", "logger": "multipart.multipart", "message": "Calling on_part_end with no data"}
{"timestamp": "2025-02-07T21:20:34.072925", "level": "DEBUG", "logger": "multipart.multipart", "message": "Calling on_end with no data"}
{"timestamp": "2025-02-07T21:22:40.096166", "level": "DEBUG", "logger": "multipart.multipart", "message": "Calling on_part_begin with no data"}
{"timestamp": "2025-02-07T21:22:40.096166", "level": "DEBUG", "logger": "multipart.multipart", "message": "Calling on_header_field with data[42:61]"}
{"timestamp": "2025-02-07T21:22:40.097165", "level": "DEBUG", "logger": "multipart.multipart", "message": "Calling on_header_value with data[63:138]"}
{"timestamp": "2025-02-07T21:22:40.098676", "level": "DEBUG", "logger": "multipart.multipart", "message": "Calling on_header_end with no data"}
{"timestamp": "2025-02-07T21:22:40.100190", "level": "DEBUG", "logger": "multipart.multipart", "message": "Calling on_header_field with data[140:152]"}
{"timestamp": "2025-02-07T21:22:40.100190", "level": "DEBUG", "logger": "multipart.multipart", "message": "Calling on_header_value with data[154:162]"}
{"timestamp": "2025-02-07T21:22:40.101054", "level": "DEBUG", "logger": "multipart.multipart", "message": "Calling on_header_end with no data"}
{"timestamp": "2025-02-07T21:22:40.102198", "level": "DEBUG", "logger": "multipart.multipart", "message": "Calling on_headers_finished with no data"}
{"timestamp": "2025-02-07T21:22:40.103199", "level": "DEBUG", "logger": "multipart.multipart", "message": "Calling on_part_data with data[166:1122]"}
{"timestamp": "2025-02-07T21:22:40.104201", "level": "DEBUG", "logger": "multipart.multipart", "message": "Calling on_part_data with data[0:2]"}
{"timestamp": "2025-02-07T21:22:40.105198", "level": "DEBUG", "logger": "multipart.multipart", "message": "Calling on_part_end with no data"}
{"timestamp": "2025-02-07T21:22:40.106201", "level": "DEBUG", "logger": "multipart.multipart", "message": "Calling on_end with no data"}
{"timestamp": "2025-02-07T21:28:39.077293", "level": "DEBUG", "logger": "multipart.multipart", "message": "Calling on_part_begin with no data"}
{"timestamp": "2025-02-07T21:28:39.078295", "level": "DEBUG", "logger": "multipart.multipart", "message": "Calling on_header_field with data[42:61]"}
{"timestamp": "2025-02-07T21:28:39.079295", "level": "DEBUG", "logger": "multipart.multipart", "message": "Calling on_header_value with data[63:138]"}
{"timestamp": "2025-02-07T21:28:39.080447", "level": "DEBUG", "logger": "multipart.multipart", "message": "Calling on_header_end with no data"}
{"timestamp": "2025-02-07T21:28:39.080447", "level": "DEBUG", "logger": "multipart.multipart", "message": "Calling on_header_field with data[140:152]"}
{"timestamp": "2025-02-07T21:28:39.081461", "level": "DEBUG", "logger": "multipart.multipart", "message": "Calling on_header_value with data[154:162]"}
{"timestamp": "2025-02-07T21:28:39.082471", "level": "DEBUG", "logger": "multipart.multipart", "message": "Calling on_header_end with no data"}
{"timestamp": "2025-02-07T21:28:39.082471", "level": "DEBUG", "logger": "multipart.multipart", "message": "Calling on_headers_finished with no data"}
{"timestamp": "2025-02-07T21:28:39.083455", "level": "DEBUG", "logger": "multipart.multipart", "message": "Calling on_part_data with data[166:1122]"}
{"timestamp": "2025-02-07T21:28:39.083455", "level": "DEBUG", "logger": "multipart.multipart", "message": "Calling on_part_data with data[0:2]"}
{"timestamp": "2025-02-07T21:28:39.084457", "level": "DEBUG", "logger": "multipart.multipart", "message": "Calling on_part_end with no data"}
{"timestamp": "2025-02-07T21:28:39.085455", "level": "DEBUG", "logger": "multipart.multipart", "message": "Calling on_end with no data"}
{"timestamp": "2025-02-07T21:31:46.982199", "level": "DEBUG", "logger": "multipart.multipart", "message": "Calling on_part_begin with no data"}
{"timestamp": "2025-02-07T21:31:46.983200", "level": "DEBUG", "logger": "multipart.multipart", "message": "Calling on_header_field with data[42:61]"}
{"timestamp": "2025-02-07T21:31:46.984198", "level": "DEBUG", "logger": "multipart.multipart", "message": "Calling on_header_value with data[63:138]"}
{"timestamp": "2025-02-07T21:31:46.985198", "level": "DEBUG", "logger": "multipart.multipart", "message": "Calling on_header_end with no data"}
{"timestamp": "2025-02-07T21:31:46.986201", "level": "DEBUG", "logger": "multipart.multipart", "message": "Calling on_header_field with data[140:152]"}
{"timestamp": "2025-02-07T21:31:46.986201", "level": "DEBUG", "logger": "multipart.multipart", "message": "Calling on_header_value with data[154:162]"}
{"timestamp": "2025-02-07T21:31:46.987204", "level": "DEBUG", "logger": "multipart.multipart", "message": "Calling on_header_end with no data"}
{"timestamp": "2025-02-07T21:31:46.988199", "level": "DEBUG", "logger": "multipart.multipart", "message": "Calling on_headers_finished with no data"}
{"timestamp": "2025-02-07T21:31:46.989709", "level": "DEBUG", "logger": "multipart.multipart", "message": "Calling on_part_data with data[166:1122]"}
{"timestamp": "2025-02-07T21:31:46.990237", "level": "DEBUG", "logger": "multipart.multipart", "message": "Calling on_part_data with data[0:2]"}
{"timestamp": "2025-02-07T21:31:46.991248", "level": "DEBUG", "logger": "multipart.multipart", "message": "Calling on_part_end with no data"}
{"timestamp": "2025-02-07T21:31:46.991652", "level": "DEBUG", "logger": "multipart.multipart", "message": "Calling on_end with no data"}
{"timestamp": "2025-02-07T21:36:13.120033", "level": "DEBUG", "logger": "multipart.multipart", "message": "Calling on_part_begin with no data"}
{"timestamp": "2025-02-07T21:36:13.120565", "level": "DEBUG", "logger": "multipart.multipart", "message": "Calling on_header_field with data[42:61]"}
{"timestamp": "2025-02-07T21:36:13.121576", "level": "DEBUG", "logger": "multipart.multipart", "message": "Calling on_header_value with data[63:138]"}
{"timestamp": "2025-02-07T21:36:13.122081", "level": "DEBUG", "logger": "multipart.multipart", "message": "Calling on_header_end with no data"}
{"timestamp": "2025-02-07T21:36:13.123095", "level": "DEBUG", "logger": "multipart.multipart", "message": "Calling on_header_field with data[140:152]"}
{"timestamp": "2025-02-07T21:36:13.123095", "level": "DEBUG", "logger": "multipart.multipart", "message": "Calling on_header_value with data[154:162]"}
{"timestamp": "2025-02-07T21:36:13.124091", "level": "DEBUG", "logger": "multipart.multipart", "message": "Calling on_header_end with no data"}
{"timestamp": "2025-02-07T21:36:13.125090", "level": "DEBUG", "logger": "multipart.multipart", "message": "Calling on_headers_finished with no data"}
{"timestamp": "2025-02-07T21:36:13.126087", "level": "DEBUG", "logger": "multipart.multipart", "message": "Calling on_part_data with data[166:1122]"}
{"timestamp": "2025-02-07T21:36:13.126087", "level": "DEBUG", "logger": "multipart.multipart", "message": "Calling on_part_data with data[0:2]"}
{"timestamp": "2025-02-07T21:36:13.127088", "level": "DEBUG", "logger": "multipart.multipart", "message": "Calling on_part_end with no data"}
{"timestamp": "2025-02-07T21:36:13.128090", "level": "DEBUG", "logger": "multipart.multipart", "message": "Calling on_end with no data"}
{"timestamp": "2025-02-07T21:39:18.193558", "level": "DEBUG", "logger": "multipart.multipart", "message": "Calling on_part_begin with no data"}
{"timestamp": "2025-02-07T21:39:18.195555", "level": "DEBUG", "logger": "multipart.multipart", "message": "Calling on_header_field with data[42:61]"}
{"timestamp": "2025-02-07T21:39:18.196556", "level": "DEBUG", "logger": "multipart.multipart", "message": "Calling on_header_value with data[63:138]"}
{"timestamp": "2025-02-07T21:39:18.196556", "level": "DEBUG", "logger": "multipart.multipart", "message": "Calling on_header_end with no data"}
{"timestamp": "2025-02-07T21:39:18.197556", "level": "DEBUG", "logger": "multipart.multipart", "message": "Calling on_header_field with data[140:152]"}
{"timestamp": "2025-02-07T21:39:18.198556", "level": "DEBUG", "logger": "multipart.multipart", "message": "Calling on_header_value with data[154:162]"}
{"timestamp": "2025-02-07T21:39:18.198556", "level": "DEBUG", "logger": "multipart.multipart", "message": "Calling on_header_end with no data"}
{"timestamp": "2025-02-07T21:39:18.200063", "level": "DEBUG", "logger": "multipart.multipart", "message": "Calling on_headers_finished with no data"}
{"timestamp": "2025-02-07T21:39:18.200588", "level": "DEBUG", "logger": "multipart.multipart", "message": "Calling on_part_data with data[166:1122]"}
{"timestamp": "2025-02-07T21:39:18.201595", "level": "DEBUG", "logger": "multipart.multipart", "message": "Calling on_part_data with data[0:2]"}
{"timestamp": "2025-02-07T21:39:18.202604", "level": "DEBUG", "logger": "multipart.multipart", "message": "Calling on_part_end with no data"}
{"timestamp": "2025-02-07T21:39:18.203604", "level": "DEBUG", "logger": "multipart.multipart", "message": "Calling on_end with no data"}
{"timestamp": "2025-02-07T21:42:56.022748", "level": "DEBUG", "logger": "multipart.multipart", "message": "Calling on_part_begin with no data"}
{"timestamp": "2025-02-07T21:42:56.023758", "level": "DEBUG", "logger": "multipart.multipart", "message": "Calling on_header_field with data[42:61]"}
{"timestamp": "2025-02-07T21:42:56.024762", "level": "DEBUG", "logger": "multipart.multipart", "message": "Calling on_header_value with data[63:138]"}
{"timestamp": "2025-02-07T21:42:56.026758", "level": "DEBUG", "logger": "multipart.multipart", "message": "Calling on_header_end with no data"}
{"timestamp": "2025-02-07T21:42:56.026758", "level": "DEBUG", "logger": "multipart.multipart", "message": "Calling on_header_field with data[140:152]"}
{"timestamp": "2025-02-07T21:42:56.027759", "level": "DEBUG", "logger": "multipart.multipart", "message": "Calling on_header_value with data[154:162]"}
{"timestamp": "2025-02-07T21:42:56.028756", "level": "DEBUG", "logger": "multipart.multipart", "message": "Calling on_header_end with no data"}
{"timestamp": "2025-02-07T21:42:56.028756", "level": "DEBUG", "logger": "multipart.multipart", "message": "Calling on_headers_finished with no data"}
{"timestamp": "2025-02-07T21:42:56.030263", "level": "DEBUG", "logger": "multipart.multipart", "message": "Calling on_part_data with data[166:1122]"}
{"timestamp": "2025-02-07T21:42:56.031808", "level": "DEBUG", "logger": "multipart.multipart", "message": "Calling on_part_data with data[0:2]"}
{"timestamp": "2025-02-07T21:42:56.033818", "level": "DEBUG", "logger": "multipart.multipart", "message": "Calling on_part_end with no data"}
{"timestamp": "2025-02-07T21:42:56.034821", "level": "DEBUG", "logger": "multipart.multipart", "message": "Calling on_end with no data"}
{"timestamp": "2025-02-07T21:49:41.510531", "level": "DEBUG", "logger": "multipart.multipart", "message": "Calling on_part_begin with no data"}
{"timestamp": "2025-02-07T21:49:41.511995", "level": "DEBUG", "logger": "multipart.multipart", "message": "Calling on_header_field with data[42:61]"}
{"timestamp": "2025-02-07T21:49:41.513444", "level": "DEBUG", "logger": "multipart.multipart", "message": "Calling on_header_value with data[63:138]"}
{"timestamp": "2025-02-07T21:49:41.514004", "level": "DEBUG", "logger": "multipart.multipart", "message": "Calling on_header_end with no data"}
{"timestamp": "2025-02-07T21:49:41.514004", "level": "DEBUG", "logger": "multipart.multipart", "message": "Calling on_header_field with data[140:152]"}
{"timestamp": "2025-02-07T21:49:41.515003", "level": "DEBUG", "logger": "multipart.multipart", "message": "Calling on_header_value with data[154:162]"}
{"timestamp": "2025-02-07T21:49:41.516003", "level": "DEBUG", "logger": "multipart.multipart", "message": "Calling on_header_end with no data"}
{"timestamp": "2025-02-07T21:49:41.517003", "level": "DEBUG", "logger": "multipart.multipart", "message": "Calling on_headers_finished with no data"}
{"timestamp": "2025-02-07T21:49:41.517003", "level": "DEBUG", "logger": "multipart.multipart", "message": "Calling on_part_data with data[166:1122]"}
{"timestamp": "2025-02-07T21:49:41.518003", "level": "DEBUG", "logger": "multipart.multipart", "message": "Calling on_part_data with data[0:2]"}
{"timestamp": "2025-02-07T21:49:41.519007", "level": "DEBUG", "logger": "multipart.multipart", "message": "Calling on_part_end with no data"}
{"timestamp": "2025-02-07T21:49:41.519007", "level": "DEBUG", "logger": "multipart.multipart", "message": "Calling on_end with no data"}
{"timestamp": "2025-02-07T21:51:43.757324", "level": "DEBUG", "logger": "multipart.multipart", "message": "Calling on_part_begin with no data"}
{"timestamp": "2025-02-07T21:51:43.758331", "level": "DEBUG", "logger": "multipart.multipart", "message": "Calling on_header_field with data[42:61]"}
{"timestamp": "2025-02-07T21:51:43.759328", "level": "DEBUG", "logger": "multipart.multipart", "message": "Calling on_header_value with data[63:139]"}
{"timestamp": "2025-02-07T21:51:43.759328", "level": "DEBUG", "logger": "multipart.multipart", "message": "Calling on_header_end with no data"}
{"timestamp": "2025-02-07T21:51:43.759328", "level": "DEBUG", "logger": "multipart.multipart", "message": "Calling on_header_field with data[141:153]"}
{"timestamp": "2025-02-07T21:51:43.761353", "level": "DEBUG", "logger": "multipart.multipart", "message": "Calling on_header_value with data[155:163]"}
{"timestamp": "2025-02-07T21:51:43.761353", "level": "DEBUG", "logger": "multipart.multipart", "message": "Calling on_header_end with no data"}
{"timestamp": "2025-02-07T21:51:43.762382", "level": "DEBUG", "logger": "multipart.multipart", "message": "Calling on_headers_finished with no data"}
{"timestamp": "2025-02-07T21:51:43.763363", "level": "DEBUG", "logger": "multipart.multipart", "message": "Calling on_part_data with data[167:1181]"}
{"timestamp": "2025-02-07T21:51:43.764362", "level": "DEBUG", "logger": "multipart.multipart", "message": "Calling on_part_data with data[0:2]"}
{"timestamp": "2025-02-07T21:51:43.765367", "level": "DEBUG", "logger": "multipart.multipart", "message": "Calling on_part_end with no data"}
{"timestamp": "2025-02-07T21:51:43.766363", "level": "DEBUG", "logger": "multipart.multipart", "message": "Calling on_end with no data"}
{"timestamp": "2025-02-07T21:57:59.519544", "level": "DEBUG", "logger": "multipart.multipart", "message": "Calling on_part_begin with no data"}
{"timestamp": "2025-02-07T21:57:59.519544", "level": "DEBUG", "logger": "multipart.multipart", "message": "Calling on_header_field with data[42:61]"}
{"timestamp": "2025-02-07T21:57:59.521050", "level": "DEBUG", "logger": "multipart.multipart", "message": "Calling on_header_value with data[63:139]"}
{"timestamp": "2025-02-07T21:57:59.522059", "level": "DEBUG", "logger": "multipart.multipart", "message": "Calling on_header_end with no data"}
{"timestamp": "2025-02-07T21:57:59.522567", "level": "DEBUG", "logger": "multipart.multipart", "message": "Calling on_header_field with data[141:153]"}
{"timestamp": "2025-02-07T21:57:59.523576", "level": "DEBUG", "logger": "multipart.multipart", "message": "Calling on_header_value with data[155:163]"}
{"timestamp": "2025-02-07T21:57:59.523576", "level": "DEBUG", "logger": "multipart.multipart", "message": "Calling on_header_end with no data"}
{"timestamp": "2025-02-07T21:57:59.524579", "level": "DEBUG", "logger": "multipart.multipart", "message": "Calling on_headers_finished with no data"}
{"timestamp": "2025-02-07T21:57:59.525577", "level": "DEBUG", "logger": "multipart.multipart", "message": "Calling on_part_data with data[167:1181]"}
{"timestamp": "2025-02-07T21:57:59.526577", "level": "DEBUG", "logger": "multipart.multipart", "message": "Calling on_part_data with data[0:2]"}
{"timestamp": "2025-02-07T21:57:59.527575", "level": "DEBUG", "logger": "multipart.multipart", "message": "Calling on_part_end with no data"}
{"timestamp": "2025-02-07T21:57:59.528575", "level": "DEBUG", "logger": "multipart.multipart", "message": "Calling on_end with no data"}
{"timestamp": "2025-02-07T22:07:36.374051", "level": "DEBUG", "logger": "multipart.multipart", "message": "Calling on_part_begin with no data"}
{"timestamp": "2025-02-07T22:07:36.374564", "level": "DEBUG", "logger": "multipart.multipart", "message": "Calling on_header_field with data[42:61]"}
{"timestamp": "2025-02-07T22:07:36.375565", "level": "DEBUG", "logger": "multipart.multipart", "message": "Calling on_header_value with data[63:139]"}
{"timestamp": "2025-02-07T22:07:36.376568", "level": "DEBUG", "logger": "multipart.multipart", "message": "Calling on_header_end with no data"}
{"timestamp": "2025-02-07T22:07:36.376568", "level": "DEBUG", "logger": "multipart.multipart", "message": "Calling on_header_field with data[141:153]"}
{"timestamp": "2025-02-07T22:07:36.377571", "level": "DEBUG", "logger": "multipart.multipart", "message": "Calling on_header_value with data[155:163]"}
{"timestamp": "2025-02-07T22:07:36.378567", "level": "DEBUG", "logger": "multipart.multipart", "message": "Calling on_header_end with no data"}
{"timestamp": "2025-02-07T22:07:36.379567", "level": "DEBUG", "logger": "multipart.multipart", "message": "Calling on_headers_finished with no data"}
{"timestamp": "2025-02-07T22:07:36.380568", "level": "DEBUG", "logger": "multipart.multipart", "message": "Calling on_part_data with data[167:1181]"}
{"timestamp": "2025-02-07T22:07:36.380568", "level": "DEBUG", "logger": "multipart.multipart", "message": "Calling on_part_data with data[0:2]"}
{"timestamp": "2025-02-07T22:07:36.381571", "level": "DEBUG", "logger": "multipart.multipart", "message": "Calling on_part_end with no data"}
{"timestamp": "2025-02-07T22:07:36.382867", "level": "DEBUG", "logger": "multipart.multipart", "message": "Calling on_end with no data"}
{"timestamp": "2025-02-07T22:15:36.925820", "level": "DEBUG", "logger": "multipart.multipart", "message": "Calling on_part_begin with no data"}
{"timestamp": "2025-02-07T22:15:36.925820", "level": "DEBUG", "logger": "multipart.multipart", "message": "Calling on_header_field with data[42:61]"}
{"timestamp": "2025-02-07T22:15:36.926820", "level": "DEBUG", "logger": "multipart.multipart", "message": "Calling on_header_value with data[63:139]"}
{"timestamp": "2025-02-07T22:15:36.927807", "level": "DEBUG", "logger": "multipart.multipart", "message": "Calling on_header_end with no data"}
{"timestamp": "2025-02-07T22:15:36.927807", "level": "DEBUG", "logger": "multipart.multipart", "message": "Calling on_header_field with data[141:153]"}
{"timestamp": "2025-02-07T22:15:36.928813", "level": "DEBUG", "logger": "multipart.multipart", "message": "Calling on_header_value with data[155:163]"}
{"timestamp": "2025-02-07T22:15:36.929808", "level": "DEBUG", "logger": "multipart.multipart", "message": "Calling on_header_end with no data"}
{"timestamp": "2025-02-07T22:15:36.929808", "level": "DEBUG", "logger": "multipart.multipart", "message": "Calling on_headers_finished with no data"}
{"timestamp": "2025-02-07T22:15:36.930811", "level": "DEBUG", "logger": "multipart.multipart", "message": "Calling on_part_data with data[167:1181]"}
{"timestamp": "2025-02-07T22:15:36.931812", "level": "DEBUG", "logger": "multipart.multipart", "message": "Calling on_part_data with data[0:2]"}
{"timestamp": "2025-02-07T22:15:36.931812", "level": "DEBUG", "logger": "multipart.multipart", "message": "Calling on_part_end with no data"}
{"timestamp": "2025-02-07T22:15:36.932973", "level": "DEBUG", "logger": "multipart.multipart", "message": "Calling on_end with no data"}
{"timestamp": "2025-02-07T22:29:29.613498", "level": "DEBUG", "logger": "multipart.multipart", "message": "Calling on_part_begin with no data"}
{"timestamp": "2025-02-07T22:29:29.614728", "level": "DEBUG", "logger": "multipart.multipart", "message": "Calling on_header_field with data[42:61]"}
{"timestamp": "2025-02-07T22:29:29.615723", "level": "DEBUG", "logger": "multipart.multipart", "message": "Calling on_header_value with data[63:139]"}
{"timestamp": "2025-02-07T22:29:29.615723", "level": "DEBUG", "logger": "multipart.multipart", "message": "Calling on_header_end with no data"}
{"timestamp": "2025-02-07T22:29:29.616722", "level": "DEBUG", "logger": "multipart.multipart", "message": "Calling on_header_field with data[141:153]"}
{"timestamp": "2025-02-07T22:29:29.617737", "level": "DEBUG", "logger": "multipart.multipart", "message": "Calling on_header_value with data[155:163]"}
{"timestamp": "2025-02-07T22:29:29.618719", "level": "DEBUG", "logger": "multipart.multipart", "message": "Calling on_header_end with no data"}
{"timestamp": "2025-02-07T22:29:29.619718", "level": "DEBUG", "logger": "multipart.multipart", "message": "Calling on_headers_finished with no data"}
{"timestamp": "2025-02-07T22:29:29.620723", "level": "DEBUG", "logger": "multipart.multipart", "message": "Calling on_part_data with data[167:1181]"}
{"timestamp": "2025-02-07T22:29:29.621237", "level": "DEBUG", "logger": "multipart.multipart", "message": "Calling on_part_data with data[0:2]"}
{"timestamp": "2025-02-07T22:29:29.621237", "level": "DEBUG", "logger": "multipart.multipart", "message": "Calling on_part_end with no data"}
{"timestamp": "2025-02-07T22:29:29.623286", "level": "DEBUG", "logger": "multipart.multipart", "message": "Calling on_end with no data"}
{"timestamp": "2025-02-07T22:35:18.614568", "level": "DEBUG", "logger": "multipart.multipart", "message": "Calling on_part_begin with no data"}
{"timestamp": "2025-02-07T22:35:18.616572", "level": "DEBUG", "logger": "multipart.multipart", "message": "Calling on_header_field with data[42:61]"}
{"timestamp": "2025-02-07T22:35:18.616572", "level": "DEBUG", "logger": "multipart.multipart", "message": "Calling on_header_value with data[63:139]"}
{"timestamp": "2025-02-07T22:35:18.618580", "level": "DEBUG", "logger": "multipart.multipart", "message": "Calling on_header_end with no data"}
{"timestamp": "2025-02-07T22:35:18.618580", "level": "DEBUG", "logger": "multipart.multipart", "message": "Calling on_header_field with data[141:153]"}
{"timestamp": "2025-02-07T22:35:18.619573", "level": "DEBUG", "logger": "multipart.multipart", "message": "Calling on_header_value with data[155:163]"}
{"timestamp": "2025-02-07T22:35:18.620570", "level": "DEBUG", "logger": "multipart.multipart", "message": "Calling on_header_end with no data"}
{"timestamp": "2025-02-07T22:35:18.621571", "level": "DEBUG", "logger": "multipart.multipart", "message": "Calling on_headers_finished with no data"}
{"timestamp": "2025-02-07T22:35:18.621571", "level": "DEBUG", "logger": "multipart.multipart", "message": "Calling on_part_data with data[167:1181]"}
{"timestamp": "2025-02-07T22:35:18.623653", "level": "DEBUG", "logger": "multipart.multipart", "message": "Calling on_part_data with data[0:2]"}
{"timestamp": "2025-02-07T22:35:18.623653", "level": "DEBUG", "logger": "multipart.multipart", "message": "Calling on_part_end with no data"}
{"timestamp": "2025-02-07T22:35:18.624658", "level": "DEBUG", "logger": "multipart.multipart", "message": "Calling on_end with no data"}
{"timestamp": "2025-02-07T22:39:00.100469", "level": "DEBUG", "logger": "multipart.multipart", "message": "Calling on_part_begin with no data"}
{"timestamp": "2025-02-07T22:39:00.102984", "level": "DEBUG", "logger": "multipart.multipart", "message": "Calling on_header_field with data[42:61]"}
{"timestamp": "2025-02-07T22:39:00.103985", "level": "DEBUG", "logger": "multipart.multipart", "message": "Calling on_header_value with data[63:139]"}
{"timestamp": "2025-02-07T22:39:00.103985", "level": "DEBUG", "logger": "multipart.multipart", "message": "Calling on_header_end with no data"}
{"timestamp": "2025-02-07T22:39:00.104986", "level": "DEBUG", "logger": "multipart.multipart", "message": "Calling on_header_field with data[141:153]"}
{"timestamp": "2025-02-07T22:39:00.105983", "level": "DEBUG", "logger": "multipart.multipart", "message": "Calling on_header_value with data[155:163]"}
{"timestamp": "2025-02-07T22:39:00.106981", "level": "DEBUG", "logger": "multipart.multipart", "message": "Calling on_header_end with no data"}
{"timestamp": "2025-02-07T22:39:00.107983", "level": "DEBUG", "logger": "multipart.multipart", "message": "Calling on_headers_finished with no data"}
{"timestamp": "2025-02-07T22:39:00.109003", "level": "DEBUG", "logger": "multipart.multipart", "message": "Calling on_part_data with data[167:1482]"}
{"timestamp": "2025-02-07T22:39:00.109003", "level": "DEBUG", "logger": "multipart.multipart", "message": "Calling on_part_data with data[0:2]"}
{"timestamp": "2025-02-07T22:39:00.110519", "level": "DEBUG", "logger": "multipart.multipart", "message": "Calling on_part_end with no data"}
{"timestamp": "2025-02-07T22:39:00.111014", "level": "DEBUG", "logger": "multipart.multipart", "message": "Calling on_end with no data"}
{"timestamp": "2025-02-07T22:41:46.532979", "level": "DEBUG", "logger": "multipart.multipart", "message": "Calling on_part_begin with no data"}
{"timestamp": "2025-02-07T22:41:46.532979", "level": "DEBUG", "logger": "multipart.multipart", "message": "Calling on_header_field with data[42:61]"}
{"timestamp": "2025-02-07T22:41:46.533978", "level": "DEBUG", "logger": "multipart.multipart", "message": "Calling on_header_value with data[63:139]"}
{"timestamp": "2025-02-07T22:41:46.533978", "level": "DEBUG", "logger": "multipart.multipart", "message": "Calling on_header_end with no data"}
{"timestamp": "2025-02-07T22:41:46.536006", "level": "DEBUG", "logger": "multipart.multipart", "message": "Calling on_header_field with data[141:153]"}
{"timestamp": "2025-02-07T22:41:46.536006", "level": "DEBUG", "logger": "multipart.multipart", "message": "Calling on_header_value with data[155:163]"}
{"timestamp": "2025-02-07T22:41:46.537016", "level": "DEBUG", "logger": "multipart.multipart", "message": "Calling on_header_end with no data"}
{"timestamp": "2025-02-07T22:41:46.537800", "level": "DEBUG", "logger": "multipart.multipart", "message": "Calling on_headers_finished with no data"}
{"timestamp": "2025-02-07T22:41:46.537800", "level": "DEBUG", "logger": "multipart.multipart", "message": "Calling on_part_data with data[167:1482]"}
{"timestamp": "2025-02-07T22:41:46.538811", "level": "DEBUG", "logger": "multipart.multipart", "message": "Calling on_part_data with data[0:2]"}
{"timestamp": "2025-02-07T22:41:46.539807", "level": "DEBUG", "logger": "multipart.multipart", "message": "Calling on_part_end with no data"}
{"timestamp": "2025-02-07T22:41:46.540816", "level": "DEBUG", "logger": "multipart.multipart", "message": "Calling on_end with no data"}
